<?xml version="1.0" encoding="UTF-8"?>
<coverage generated="1771769012842" clover="3.2.0">
  <project timestamp="1771769012842" name="All files">
    <metrics statements="5" coveredstatements="5" conditionals="0" coveredconditionals="0" methods="3" coveredmethods="3" elements="8" coveredelements="8" complexity="0" loc="5" ncloc="5" packages="1" files="2" classes="2"/>
    <file name="ProductCard.tsx" path="/workspaces/ProductCardTsx/src/components/ProductCard.tsx">
      <metrics statements="2" coveredstatements="2" conditionals="0" coveredconditionals="0" methods="1" coveredmethods="1"/>
      <line num="9" count="2" type="stmt"/>
      <line num="10" count="8" type="stmt"/>
    </file>
    <file name="ProductList.tsx" path="/workspaces/ProductCardTsx/src/components/ProductList.tsx">
      <metrics statements="3" coveredstatements="3" conditionals="0" coveredconditionals="0" methods="2" coveredmethods="2"/>
      <line num="10" count="1" type="stmt"/>
      <line num="11" count="2" type="stmt"/>
      <line num="14" count="3" type="stmt"/>
    </file>
  </project>
</coverage>
