{"/workspaces/ProductCardTsx/src/components/ProductCard.tsx": {"path":"/workspaces/ProductCardTsx/src/components/ProductCard.tsx","statementMap":{"0":{"start":{"line":9,"column":37},"end":{"line":38,"column":null}},"1":{"start":{"line":10,"column":2},"end":{"line":36,"column":null}}},"fnMap":{"0":{"name":"(anonymous_0)","decl":{"start":{"line":9,"column":37},"end":{"line":9,"column":38}},"loc":{"start":{"line":9,"column":54},"end":{"line":38,"column":null}},"line":9}},"branchMap":{},"s":{"0":2,"1":8},"f":{"0":8},"b":{},"meta":{"lastBranch":0,"lastFunction":1,"lastStatement":2,"seen":{"s:9:37:38:Infinity":0,"f:9:37:9:38":0,"s:10:2:36:Infinity":1}}}
,"/workspaces/ProductCardTsx/src/components/ProductList.tsx": {"path":"/workspaces/ProductCardTsx/src/components/ProductList.tsx","statementMap":{"0":{"start":{"line":10,"column":37},"end":{"line":18,"column":null}},"1":{"start":{"line":11,"column":2},"end":{"line":16,"column":null}},"2":{"start":{"line":14,"column":8},"end":{"line":14,"column":null}}},"fnMap":{"0":{"name":"(anonymous_0)","decl":{"start":{"line":10,"column":37},"end":{"line":10,"column":38}},"loc":{"start":{"line":10,"column":55},"end":{"line":18,"column":null}},"line":10},"1":{"name":"(anonymous_1)","decl":{"start":{"line":13,"column":20},"end":{"line":13,"column":21}},"loc":{"start":{"line":14,"column":8},"end":{"line":14,"column":null}},"line":14}},"branchMap":{},"s":{"0":1,"1":2,"2":3},"f":{"0":2,"1":3},"b":{},"meta":{"lastBranch":0,"lastFunction":2,"lastStatement":3,"seen":{"s:10:37:18:Infinity":0,"f:10:37:10:38":0,"s:11:2:16:Infinity":1,"f:13:20:13:21":1,"s:14:8:14:Infinity":2}}}
}
